2023-03-02T22:58:43.892+05:30  INFO 18544 --- [restartedMain] com.cma.main.CafeManagementApplication   : Starting CafeManagementApplication using Java 17.0.4.1 with PID 18544 (D:\Udemy\Applications\Cafe Management\BC\target\classes started by GOWDHAM.S in D:\Udemy\Applications\Cafe Management\BC)
2023-03-02T22:58:43.895+05:30  INFO 18544 --- [restartedMain] com.cma.main.CafeManagementApplication   : No active profile set, falling back to 1 default profile: "default"
2023-03-02T22:58:43.956+05:30  INFO 18544 --- [restartedMain] .e.DevToolsPropertyDefaultsPostProcessor : Devtools property defaults active! Set 'spring.devtools.add-properties' to 'false' to disable
2023-03-02T22:58:43.956+05:30  INFO 18544 --- [restartedMain] .e.DevToolsPropertyDefaultsPostProcessor : For additional web related logging consider setting the 'logging.level.web' property to 'DEBUG'
2023-03-02T22:58:44.790+05:30  INFO 18544 --- [restartedMain] .s.d.r.c.RepositoryConfigurationDelegate : Bootstrapping Spring Data JPA repositories in DEFAULT mode.
2023-03-02T22:58:44.869+05:30  INFO 18544 --- [restartedMain] .s.d.r.c.RepositoryConfigurationDelegate : Finished Spring Data repository scanning in 71 ms. Found 1 JPA repository interfaces.
2023-03-02T22:58:45.498+05:30  INFO 18544 --- [restartedMain] o.s.b.w.embedded.tomcat.TomcatWebServer  : Tomcat initialized with port(s): 8080 (http)
2023-03-02T22:58:45.509+05:30  INFO 18544 --- [restartedMain] o.apache.catalina.core.StandardService   : Starting service [Tomcat]
2023-03-02T22:58:45.509+05:30  INFO 18544 --- [restartedMain] o.apache.catalina.core.StandardEngine    : Starting Servlet engine: [Apache Tomcat/10.1.5]
2023-03-02T22:58:45.583+05:30  INFO 18544 --- [restartedMain] o.a.c.c.C.[Tomcat].[localhost].[/]       : Initializing Spring embedded WebApplicationContext
2023-03-02T22:58:45.583+05:30  INFO 18544 --- [restartedMain] w.s.c.ServletWebServerApplicationContext : Root WebApplicationContext: initialization completed in 1626 ms
2023-03-02T22:58:45.709+05:30  INFO 18544 --- [restartedMain] o.hibernate.jpa.internal.util.LogHelper  : HHH000204: Processing PersistenceUnitInfo [name: default]
2023-03-02T22:58:45.778+05:30  INFO 18544 --- [restartedMain] org.hibernate.Version                    : HHH000412: Hibernate ORM core version 6.1.6.Final
2023-03-02T22:58:45.938+05:30  WARN 18544 --- [restartedMain] org.hibernate.orm.deprecation            : HHH90000021: Encountered deprecated setting [javax.persistence.sharedCache.mode], use [jakarta.persistence.sharedCache.mode] instead
2023-03-02T22:58:46.051+05:30  INFO 18544 --- [restartedMain] com.zaxxer.hikari.HikariDataSource       : HikariPool-1 - Starting...
2023-03-02T22:58:46.536+05:30  INFO 18544 --- [restartedMain] com.zaxxer.hikari.pool.HikariPool        : HikariPool-1 - Added connection com.mysql.cj.jdbc.ConnectionImpl@d555f3f
2023-03-02T22:58:46.538+05:30  INFO 18544 --- [restartedMain] com.zaxxer.hikari.HikariDataSource       : HikariPool-1 - Start completed.
2023-03-02T22:58:46.626+05:30  INFO 18544 --- [restartedMain] SQL dialect                              : HHH000400: Using dialect: org.hibernate.dialect.MySQLDialect
2023-03-02T22:58:47.664+05:30  INFO 18544 --- [restartedMain] o.h.e.t.j.p.i.JtaPlatformInitiator       : HHH000490: Using JtaPlatform implementation: [org.hibernate.engine.transaction.jta.platform.internal.NoJtaPlatform]
2023-03-02T22:58:47.676+05:30  INFO 18544 --- [restartedMain] j.LocalContainerEntityManagerFactoryBean : Initialized JPA EntityManagerFactory for persistence unit 'default'
2023-03-02T22:58:48.082+05:30  WARN 18544 --- [restartedMain] JpaBaseConfiguration$JpaWebConfiguration : spring.jpa.open-in-view is enabled by default. Therefore, database queries may be performed during view rendering. Explicitly configure spring.jpa.open-in-view to disable this warning
2023-03-02T22:58:48.344+05:30  INFO 18544 --- [restartedMain] o.s.s.web.DefaultSecurityFilterChain     : Will secure any request with [org.springframework.security.web.session.DisableEncodeUrlFilter@33b94d1f, org.springframework.security.web.context.request.async.WebAsyncManagerIntegrationFilter@283bcee1, org.springframework.security.web.context.SecurityContextHolderFilter@5406428e, org.springframework.security.web.header.HeaderWriterFilter@1528b393, org.springframework.web.filter.CorsFilter@6a853a6, org.springframework.security.web.authentication.logout.LogoutFilter@61c52c4f, com.cma.main.JWT.JwtFilter@63a7667b, org.springframework.security.web.savedrequest.RequestCacheAwareFilter@555a411e, org.springframework.security.web.servletapi.SecurityContextHolderAwareRequestFilter@31c8cb6a, org.springframework.security.web.authentication.AnonymousAuthenticationFilter@7a94c09d, org.springframework.security.web.session.SessionManagementFilter@12c0a2f4, org.springframework.security.web.access.ExceptionTranslationFilter@38734170, org.springframework.security.web.access.intercept.AuthorizationFilter@763db495]
2023-03-02T22:58:48.565+05:30  INFO 18544 --- [restartedMain] o.s.b.d.a.OptionalLiveReloadServer       : LiveReload server is running on port 35729
2023-03-02T22:58:48.613+05:30  INFO 18544 --- [restartedMain] o.s.b.w.embedded.tomcat.TomcatWebServer  : Tomcat started on port(s): 8080 (http) with context path ''
2023-03-02T22:58:48.625+05:30  INFO 18544 --- [restartedMain] com.cma.main.CafeManagementApplication   : Started CafeManagementApplication in 5.307 seconds (process running for 6.63)
2023-03-02T22:59:24.090+05:30  INFO 18544 --- [SpringApplicationShutdownHook] j.LocalContainerEntityManagerFactoryBean : Closing JPA EntityManagerFactory for persistence unit 'default'
2023-03-02T22:59:24.093+05:30  INFO 18544 --- [SpringApplicationShutdownHook] com.zaxxer.hikari.HikariDataSource       : HikariPool-1 - Shutdown initiated...
2023-03-02T22:59:24.103+05:30  INFO 18544 --- [SpringApplicationShutdownHook] com.zaxxer.hikari.HikariDataSource       : HikariPool-1 - Shutdown completed.
2023-03-02T22:59:27.774+05:30  INFO 8480 --- [restartedMain] com.cma.main.CafeManagementApplication   : Starting CafeManagementApplication using Java 17.0.4.1 with PID 8480 (D:\Udemy\Applications\Cafe Management\BC\target\classes started by GOWDHAM.S in D:\Udemy\Applications\Cafe Management\BC)
2023-03-02T22:59:27.777+05:30  INFO 8480 --- [restartedMain] com.cma.main.CafeManagementApplication   : No active profile set, falling back to 1 default profile: "default"
2023-03-02T22:59:27.848+05:30  INFO 8480 --- [restartedMain] .e.DevToolsPropertyDefaultsPostProcessor : Devtools property defaults active! Set 'spring.devtools.add-properties' to 'false' to disable
2023-03-02T22:59:27.848+05:30  INFO 8480 --- [restartedMain] .e.DevToolsPropertyDefaultsPostProcessor : For additional web related logging consider setting the 'logging.level.web' property to 'DEBUG'
2023-03-02T22:59:28.716+05:30  INFO 8480 --- [restartedMain] .s.d.r.c.RepositoryConfigurationDelegate : Bootstrapping Spring Data JPA repositories in DEFAULT mode.
2023-03-02T22:59:28.800+05:30  INFO 8480 --- [restartedMain] .s.d.r.c.RepositoryConfigurationDelegate : Finished Spring Data repository scanning in 77 ms. Found 1 JPA repository interfaces.
2023-03-02T22:59:29.424+05:30  INFO 8480 --- [restartedMain] o.s.b.w.embedded.tomcat.TomcatWebServer  : Tomcat initialized with port(s): 8080 (http)
2023-03-02T22:59:29.433+05:30  INFO 8480 --- [restartedMain] o.apache.catalina.core.StandardService   : Starting service [Tomcat]
2023-03-02T22:59:29.434+05:30  INFO 8480 --- [restartedMain] o.apache.catalina.core.StandardEngine    : Starting Servlet engine: [Apache Tomcat/10.1.5]
2023-03-02T22:59:29.513+05:30  INFO 8480 --- [restartedMain] o.a.c.c.C.[Tomcat].[localhost].[/]       : Initializing Spring embedded WebApplicationContext
2023-03-02T22:59:29.514+05:30  INFO 8480 --- [restartedMain] w.s.c.ServletWebServerApplicationContext : Root WebApplicationContext: initialization completed in 1666 ms
2023-03-02T22:59:29.647+05:30  INFO 8480 --- [restartedMain] o.hibernate.jpa.internal.util.LogHelper  : HHH000204: Processing PersistenceUnitInfo [name: default]
2023-03-02T22:59:29.687+05:30  INFO 8480 --- [restartedMain] org.hibernate.Version                    : HHH000412: Hibernate ORM core version 6.1.6.Final
2023-03-02T22:59:29.820+05:30  WARN 8480 --- [restartedMain] org.hibernate.orm.deprecation            : HHH90000021: Encountered deprecated setting [javax.persistence.sharedCache.mode], use [jakarta.persistence.sharedCache.mode] instead
2023-03-02T22:59:29.934+05:30  INFO 8480 --- [restartedMain] com.zaxxer.hikari.HikariDataSource       : HikariPool-1 - Starting...
2023-03-02T22:59:30.248+05:30  INFO 8480 --- [restartedMain] com.zaxxer.hikari.pool.HikariPool        : HikariPool-1 - Added connection com.mysql.cj.jdbc.ConnectionImpl@bcd4da
2023-03-02T22:59:30.250+05:30  INFO 8480 --- [restartedMain] com.zaxxer.hikari.HikariDataSource       : HikariPool-1 - Start completed.
2023-03-02T22:59:30.299+05:30  INFO 8480 --- [restartedMain] SQL dialect                              : HHH000400: Using dialect: org.hibernate.dialect.MySQLDialect
2023-03-02T22:59:31.388+05:30  INFO 8480 --- [restartedMain] o.h.e.t.j.p.i.JtaPlatformInitiator       : HHH000490: Using JtaPlatform implementation: [org.hibernate.engine.transaction.jta.platform.internal.NoJtaPlatform]
2023-03-02T22:59:31.397+05:30  INFO 8480 --- [restartedMain] j.LocalContainerEntityManagerFactoryBean : Initialized JPA EntityManagerFactory for persistence unit 'default'
2023-03-02T22:59:31.786+05:30  WARN 8480 --- [restartedMain] JpaBaseConfiguration$JpaWebConfiguration : spring.jpa.open-in-view is enabled by default. Therefore, database queries may be performed during view rendering. Explicitly configure spring.jpa.open-in-view to disable this warning
2023-03-02T22:59:32.010+05:30  INFO 8480 --- [restartedMain] o.s.s.web.DefaultSecurityFilterChain     : Will secure any request with [org.springframework.security.web.session.DisableEncodeUrlFilter@67b720eb, org.springframework.security.web.context.request.async.WebAsyncManagerIntegrationFilter@1b3c954c, org.springframework.security.web.context.SecurityContextHolderFilter@6e1188e, org.springframework.security.web.header.HeaderWriterFilter@3d732d64, org.springframework.web.filter.CorsFilter@2c46b135, org.springframework.security.web.authentication.logout.LogoutFilter@5d9b108a, com.cma.main.JWT.JwtFilter@5d5d1442, org.springframework.security.web.savedrequest.RequestCacheAwareFilter@2694f0c6, org.springframework.security.web.servletapi.SecurityContextHolderAwareRequestFilter@654fc569, org.springframework.security.web.authentication.AnonymousAuthenticationFilter@2d1acb5, org.springframework.security.web.session.SessionManagementFilter@12f4ca80, org.springframework.security.web.access.ExceptionTranslationFilter@55c63182, org.springframework.security.web.access.intercept.AuthorizationFilter@45c7260f]
2023-03-02T22:59:32.243+05:30  INFO 8480 --- [restartedMain] o.s.b.d.a.OptionalLiveReloadServer       : LiveReload server is running on port 35729
2023-03-02T22:59:32.293+05:30  INFO 8480 --- [restartedMain] o.s.b.w.embedded.tomcat.TomcatWebServer  : Tomcat started on port(s): 8080 (http) with context path ''
2023-03-02T22:59:32.308+05:30  INFO 8480 --- [restartedMain] com.cma.main.CafeManagementApplication   : Started CafeManagementApplication in 5.096 seconds (process running for 6.0)
2023-03-02T23:01:21.178+05:30  INFO 8480 --- [SpringApplicationShutdownHook] j.LocalContainerEntityManagerFactoryBean : Closing JPA EntityManagerFactory for persistence unit 'default'
2023-03-02T23:01:21.180+05:30  INFO 8480 --- [SpringApplicationShutdownHook] com.zaxxer.hikari.HikariDataSource       : HikariPool-1 - Shutdown initiated...
2023-03-02T23:01:21.188+05:30  INFO 8480 --- [SpringApplicationShutdownHook] com.zaxxer.hikari.HikariDataSource       : HikariPool-1 - Shutdown completed.
